<?xml version="1.0" encoding="UTF-8"?>
<!-- Generated by org.testng.reporters.JUnitReportReporter -->
<testsuite hostname="LAPTOP-35PM34DT" failures="0" tests="1" name="test.flightsModule" time="39.049" errors="0" timestamp="26 Jul 2020 18:15:16 GMT" skipped="0">
  <testcase classname="test.flightsModule" name="flightSearch" time="39.049"/>
</testsuite> <!-- test.flightsModule -->
