<?xml version="1.0" encoding="UTF-8"?>
<!-- Generated by org.testng.reporters.JUnitReportReporter -->
<testsuite hostname="LAPTOP-35PM34DT" failures="0" tests="1" name="Academy.validateNavigationBar" time="7.358" errors="0" timestamp="26 Jul 2020 08:59:42 GMT" skipped="0">
  <testcase classname="Academy.validateNavigationBar" name="flightSearch" time="7.358"/>
</testsuite> <!-- Academy.validateNavigationBar -->
