<?xml version="1.0" encoding="UTF-8"?>
<!-- Generated by org.testng.reporters.JUnitReportReporter -->
<testsuite hostname="LAPTOP-35PM34DT" failures="0" tests="1" name="cucumberOptions.TestRunner" time="99.774" errors="0" timestamp="26 Jul 2020 18:18:13 GMT" skipped="0">
  <testcase classname="cucumberOptions.TestRunner" name="feature" time="99.774"/>
</testsuite> <!-- cucumberOptions.TestRunner -->
